<?xml version="1.0" encoding="UTF-8" standalone="yes"?>
<ns2:test-suite start="1496314183320" stop="1496314224654" version="1.5.2" xmlns:ns2="urn:model.allure.qatools.yandex.ru">
    <name>Default suite : Default test</name>
    <title>Default suite : Default test</title>
    <test-cases>
        <test-case start="1496314193837" stop="1496314196085" status="passed">
            <name>navigationToPurchaseFormPage</name>
            <steps>
                <step start="1496314183616" stop="1496314193787" status="passed">
                    <name>openHomePage</name>
                    <title>Open Home Page by URL: http://awful-valentine.com/</title>
                    <attachments/>
                    <steps/>
                </step>
                <step start="1496314193841" stop="1496314195782" status="passed">
                    <name>clickPurchaseFormsLink</name>
                    <title>Click Purchase Forms link</title>
                    <attachments/>
                    <steps/>
                </step>
                <step start="1496314195786" stop="1496314196075" status="passed">
                    <name>getCurrentUrl</name>
                    <title>Read current URL</title>
                    <attachments>
                        <attachment title="URL" source="f3bbbe5a-4503-4af7-9386-975a4430e46e-attachment.txt" type="text/plain"/>
                    </attachments>
                    <steps/>
                </step>
            </steps>
            <attachments/>
            <labels>
                <label name="testSuite" value="Default suite"/>
                <label name="testGroup" value="Default test"/>
                <label name="testClass" value="com.valentine.test.NavigationRefactoredTest"/>
                <label name="testMethod" value="navigationToPurchaseFormPage"/>
                <label name="feature" value="Navigation"/>
                <label name="host" value="Julidell"/>
                <label name="thread" value="17636@Julidell.main(1)"/>
            </labels>
        </test-case>
        <test-case start="1496314203287" stop="1496314205363" status="broken">
            <name>navigationToStorePage</name>
            <failure>
                <message>NoSuchSessionException: no such session
  (Driver info: chromedriver=2.29.461591 (62ebf098771772160f391d75e589dc567915b233),platform=Windows NT 10.0.15063 x86_64) (WARNING: The server did not provide any stacktrace information)
Command duration or timeout: 10 milliseconds
Build info: version: '3.4.0', revision: 'unknown', time: 'unknown'
System info: host: 'JULIDELL', ip: '192.168.127.102', os.name: 'Windows 10', os.arch: 'amd64', os.version: '10.0', java.version: '1.8.0_131'
Driver info: org.openqa.selenium.chrome.ChromeDriver
Capabilities [{applicationCacheEnabled=false, rotatable=false, mobileEmulationEnabled=false, networkConnectionEnabled=false, chrome={chromedriverVersion=2.29.461591 (62ebf098771772160f391d75e589dc567915b233), userDataDir=C:\Users\Julia\AppData\Local\Temp\scoped_dir17996_3052}, takesHeapSnapshot=true, pageLoadStrategy=normal, databaseEnabled=false, handlesAlerts=true, hasTouchScreen=false, version=58.0.3029.110, platform=XP, browserConnectionEnabled=false, nativeEvents=true, acceptSslCerts=true, locationContextEnabled=true, webStorageEnabled=true, browserName=chrome, takesScreenshot=true, javascriptEnabled=true, cssSelectorsEnabled=true, unexpectedAlertBehaviour=}]
Session ID: 7569d91bffcc5ee8822d6e870751e4b7</message>
                <stack-trace>org.openqa.selenium.NoSuchSessionException: no such session
  (Driver info: chromedriver=2.29.461591 (62ebf098771772160f391d75e589dc567915b233),platform=Windows NT 10.0.15063 x86_64) (WARNING: The server did not provide any stacktrace information)
Command duration or timeout: 10 milliseconds
Build info: version: '3.4.0', revision: 'unknown', time: 'unknown'
System info: host: 'JULIDELL', ip: '192.168.127.102', os.name: 'Windows 10', os.arch: 'amd64', os.version: '10.0', java.version: '1.8.0_131'
Driver info: org.openqa.selenium.chrome.ChromeDriver
Capabilities [{applicationCacheEnabled=false, rotatable=false, mobileEmulationEnabled=false, networkConnectionEnabled=false, chrome={chromedriverVersion=2.29.461591 (62ebf098771772160f391d75e589dc567915b233), userDataDir=C:\Users\Julia\AppData\Local\Temp\scoped_dir17996_3052}, takesHeapSnapshot=true, pageLoadStrategy=normal, databaseEnabled=false, handlesAlerts=true, hasTouchScreen=false, version=58.0.3029.110, platform=XP, browserConnectionEnabled=false, nativeEvents=true, acceptSslCerts=true, locationContextEnabled=true, webStorageEnabled=true, browserName=chrome, takesScreenshot=true, javascriptEnabled=true, cssSelectorsEnabled=true, unexpectedAlertBehaviour=}]
Session ID: 7569d91bffcc5ee8822d6e870751e4b7
	at sun.reflect.NativeConstructorAccessorImpl.newInstance0(Native Method)
	at sun.reflect.NativeConstructorAccessorImpl.newInstance(NativeConstructorAccessorImpl.java:62)
	at sun.reflect.DelegatingConstructorAccessorImpl.newInstance(DelegatingConstructorAccessorImpl.java:45)
	at java.lang.reflect.Constructor.newInstance(Constructor.java:423)
	at org.openqa.selenium.remote.ErrorHandler.createThrowable(ErrorHandler.java:215)
	at org.openqa.selenium.remote.ErrorHandler.throwIfResponseFailed(ErrorHandler.java:167)
	at org.openqa.selenium.remote.RemoteWebDriver.execute(RemoteWebDriver.java:671)
	at org.openqa.selenium.remote.RemoteWebDriver.execute(RemoteWebDriver.java:694)
	at org.openqa.selenium.remote.RemoteWebDriver.getCurrentUrl(RemoteWebDriver.java:374)
	at com.valentine.app.PurchaseFormsPage.getCurrentUrl(PurchaseFormsPage.java:26)
	at com.valentine.test.NavigationRefactoredTest.navigationToStorePage(NavigationRefactoredTest.java:68)
	at sun.reflect.NativeMethodAccessorImpl.invoke0(Native Method)
	at sun.reflect.NativeMethodAccessorImpl.invoke(NativeMethodAccessorImpl.java:62)
	at sun.reflect.DelegatingMethodAccessorImpl.invoke(DelegatingMethodAccessorImpl.java:43)
	at java.lang.reflect.Method.invoke(Method.java:498)
	at org.testng.internal.MethodInvocationHelper.invokeMethod(MethodInvocationHelper.java:108)
	at org.testng.internal.Invoker.invokeMethod(Invoker.java:661)
	at org.testng.internal.Invoker.invokeTestMethod(Invoker.java:869)
	at org.testng.internal.Invoker.invokeTestMethods(Invoker.java:1193)
	at org.testng.internal.TestMethodWorker.invokeTestMethods(TestMethodWorker.java:126)
	at org.testng.internal.TestMethodWorker.run(TestMethodWorker.java:109)
	at org.testng.TestRunner.privateRun(TestRunner.java:744)
	at org.testng.TestRunner.run(TestRunner.java:602)
	at org.testng.SuiteRunner.runTest(SuiteRunner.java:380)
	at org.testng.SuiteRunner.runSequentially(SuiteRunner.java:375)
	at org.testng.SuiteRunner.privateRun(SuiteRunner.java:340)
	at org.testng.SuiteRunner.run(SuiteRunner.java:289)
	at org.testng.SuiteRunnerWorker.runSuite(SuiteRunnerWorker.java:52)
	at org.testng.SuiteRunnerWorker.run(SuiteRunnerWorker.java:86)
	at org.testng.TestNG.runSuitesSequentially(TestNG.java:1301)
	at org.testng.TestNG.runSuitesLocally(TestNG.java:1226)
	at org.testng.TestNG.runSuites(TestNG.java:1144)
	at org.testng.TestNG.run(TestNG.java:1115)
	at org.testng.remote.AbstractRemoteTestNG.run(AbstractRemoteTestNG.java:132)
	at org.testng.remote.RemoteTestNG.initAndRun(RemoteTestNG.java:230)
	at org.testng.remote.RemoteTestNG.main(RemoteTestNG.java:76)
</stack-trace>
            </failure>
            <steps>
                <step start="1496314196094" stop="1496314196267" status="passed">
                    <name>close</name>
                    <title>Close Browser</title>
                </step>
                <step start="1496314196269" stop="1496314203284" status="passed">
                    <name>openHomePage</name>
                    <title>Open Home Page by URL: http://awful-valentine.com/</title>
                </step>
                <step start="1496314203288" stop="1496314205323" status="passed">
                    <name>clickStoreLink</name>
                    <title>Click Store link</title>
                </step>
                <step start="1496314205324" stop="1496314205344" status="broken">
                    <name>getCurrentUrl</name>
                    <title>Read current URL</title>
                </step>
            </steps>
            <attachments/>
            <labels>
                <label name="testSuite" value="Default suite"/>
                <label name="testGroup" value="Default test"/>
                <label name="testClass" value="com.valentine.test.NavigationRefactoredTest"/>
                <label name="testMethod" value="navigationToStorePage"/>
                <label name="feature" value="Navigation"/>
                <label name="host" value="Julidell"/>
                <label name="thread" value="17636@Julidell.main(1)"/>
            </labels>
        </test-case>
        <test-case start="1496314212838" stop="1496314214749" status="passed">
            <name>testClickCodeLink</name>
            <steps>
                <step start="1496314205365" stop="1496314205495" status="passed">
                    <name>close</name>
                    <title>Close Browser</title>
                    <attachments/>
                    <steps/>
                </step>
                <step start="1496314205497" stop="1496314212834" status="passed">
                    <name>openHomePage</name>
                    <title>Open Home Page by URL: http://awful-valentine.com/</title>
                    <attachments/>
                    <steps/>
                </step>
                <step start="1496314212841" stop="1496314214735" status="passed">
                    <name>clickCodeLink</name>
                    <title>Click Code link</title>
                    <attachments/>
                    <steps/>
                </step>
                <step start="1496314214736" stop="1496314214747" status="passed">
                    <name>getCurrentUrl</name>
                    <title>Read current URL</title>
                    <attachments>
                        <attachment title="URL" source="74cf3e49-8d95-4ba0-9092-0566661b2099-attachment.txt" type="text/plain"/>
                    </attachments>
                    <steps/>
                </step>
            </steps>
            <attachments/>
            <labels>
                <label name="testSuite" value="Default suite"/>
                <label name="testGroup" value="Default test"/>
                <label name="testClass" value="com.valentine.test.NavigationRefactoredTest"/>
                <label name="testMethod" value="testClickCodeLink"/>
                <label name="feature" value="Navigation"/>
                <label name="host" value="Julidell"/>
                <label name="thread" value="17636@Julidell.main(1)"/>
            </labels>
        </test-case>
        <test-case start="1496314222241" stop="1496314224431" status="passed">
            <name>testClickContactUsLink</name>
            <steps>
                <step start="1496314214752" stop="1496314214886" status="passed">
                    <name>close</name>
                    <title>Close Browser</title>
                    <attachments/>
                    <steps/>
                </step>
                <step start="1496314214888" stop="1496314222236" status="passed">
                    <name>openHomePage</name>
                    <title>Open Home Page by URL: http://awful-valentine.com/</title>
                    <attachments/>
                    <steps/>
                </step>
                <step start="1496314222242" stop="1496314224407" status="passed">
                    <name>clickContactUsLink</name>
                    <title>Click Contact Us link</title>
                    <attachments/>
                    <steps/>
                </step>
                <step start="1496314224409" stop="1496314224429" status="passed">
                    <name>getCurrentUrl</name>
                    <title>Read current URL</title>
                    <attachments>
                        <attachment title="URL" source="5d2e9708-c8bb-403f-955a-a36e105bd020-attachment.txt" type="text/plain"/>
                    </attachments>
                    <steps/>
                </step>
            </steps>
            <attachments/>
            <labels>
                <label name="testSuite" value="Default suite"/>
                <label name="testGroup" value="Default test"/>
                <label name="testClass" value="com.valentine.test.NavigationRefactoredTest"/>
                <label name="testMethod" value="testClickContactUsLink"/>
                <label name="feature" value="Navigation"/>
                <label name="host" value="Julidell"/>
                <label name="thread" value="17636@Julidell.main(1)"/>
            </labels>
        </test-case>
    </test-cases>
    <labels>
        <label name="framework" value="TestNG"/>
        <label name="language" value="JAVA"/>
    </labels>
</ns2:test-suite>
