<?xml version="1.0" encoding="UTF-8" standalone="yes"?>
<ns2:test-suite start="1496314053973" stop="1496314101009" version="1.5.2" xmlns:ns2="urn:model.allure.qatools.yandex.ru">
    <name>Default suite : Default test</name>
    <title>Default suite : Default test</title>
    <test-cases>
        <test-case start="1496314064348" stop="1496314071458" status="passed">
            <name>navigationToPurchaseFormPage</name>
            <steps>
                <step start="1496314054310" stop="1496314064306" status="passed">
                    <name>openHomePage</name>
                    <title>Open Home Page by URL: http://awful-valentine.com/</title>
                    <attachments/>
                    <steps/>
                </step>
                <step start="1496314064351" stop="1496314071197" status="passed">
                    <name>clickPurchaseFormsLink</name>
                    <title>Click Purchase Forms link</title>
                    <attachments/>
                    <steps/>
                </step>
                <step start="1496314071201" stop="1496314071448" status="passed">
                    <name>getCurrentUrl</name>
                    <title>Read current URL</title>
                    <attachments>
                        <attachment title="URL" source="2355b682-d700-4b20-afd6-555ea4a6cf9c-attachment.txt" type="text/plain"/>
                    </attachments>
                    <steps/>
                </step>
            </steps>
            <attachments/>
            <labels>
                <label name="testSuite" value="Default suite"/>
                <label name="testGroup" value="Default test"/>
                <label name="testClass" value="com.valentine.test.NavigationRefactoredTest"/>
                <label name="testMethod" value="navigationToPurchaseFormPage"/>
                <label name="feature" value="Navigation"/>
                <label name="host" value="Julidell"/>
                <label name="thread" value="10576@Julidell.main(1)"/>
            </labels>
        </test-case>
        <test-case start="1496314079008" stop="1496314080992" status="broken">
            <name>navigationToStorePage</name>
            <failure>
                <message>NoSuchSessionException: no such session
  (Driver info: chromedriver=2.29.461591 (62ebf098771772160f391d75e589dc567915b233),platform=Windows NT 10.0.15063 x86_64) (WARNING: The server did not provide any stacktrace information)
Command duration or timeout: 9 milliseconds
Build info: version: '3.4.0', revision: 'unknown', time: 'unknown'
System info: host: 'JULIDELL', ip: '192.168.127.102', os.name: 'Windows 10', os.arch: 'amd64', os.version: '10.0', java.version: '1.8.0_131'
Driver info: org.openqa.selenium.chrome.ChromeDriver
Capabilities [{applicationCacheEnabled=false, rotatable=false, mobileEmulationEnabled=false, networkConnectionEnabled=false, chrome={chromedriverVersion=2.29.461591 (62ebf098771772160f391d75e589dc567915b233), userDataDir=C:\Users\Julia\AppData\Local\Temp\scoped_dir11832_26849}, takesHeapSnapshot=true, pageLoadStrategy=normal, databaseEnabled=false, handlesAlerts=true, hasTouchScreen=false, version=58.0.3029.110, platform=XP, browserConnectionEnabled=false, nativeEvents=true, acceptSslCerts=true, locationContextEnabled=true, webStorageEnabled=true, browserName=chrome, takesScreenshot=true, javascriptEnabled=true, cssSelectorsEnabled=true, unexpectedAlertBehaviour=}]
Session ID: b7ccbb3fec935bd7c4053fec86c1223e</message>
                <stack-trace>org.openqa.selenium.NoSuchSessionException: no such session
  (Driver info: chromedriver=2.29.461591 (62ebf098771772160f391d75e589dc567915b233),platform=Windows NT 10.0.15063 x86_64) (WARNING: The server did not provide any stacktrace information)
Command duration or timeout: 9 milliseconds
Build info: version: '3.4.0', revision: 'unknown', time: 'unknown'
System info: host: 'JULIDELL', ip: '192.168.127.102', os.name: 'Windows 10', os.arch: 'amd64', os.version: '10.0', java.version: '1.8.0_131'
Driver info: org.openqa.selenium.chrome.ChromeDriver
Capabilities [{applicationCacheEnabled=false, rotatable=false, mobileEmulationEnabled=false, networkConnectionEnabled=false, chrome={chromedriverVersion=2.29.461591 (62ebf098771772160f391d75e589dc567915b233), userDataDir=C:\Users\Julia\AppData\Local\Temp\scoped_dir11832_26849}, takesHeapSnapshot=true, pageLoadStrategy=normal, databaseEnabled=false, handlesAlerts=true, hasTouchScreen=false, version=58.0.3029.110, platform=XP, browserConnectionEnabled=false, nativeEvents=true, acceptSslCerts=true, locationContextEnabled=true, webStorageEnabled=true, browserName=chrome, takesScreenshot=true, javascriptEnabled=true, cssSelectorsEnabled=true, unexpectedAlertBehaviour=}]
Session ID: b7ccbb3fec935bd7c4053fec86c1223e
	at sun.reflect.NativeConstructorAccessorImpl.newInstance0(Native Method)
	at sun.reflect.NativeConstructorAccessorImpl.newInstance(NativeConstructorAccessorImpl.java:62)
	at sun.reflect.DelegatingConstructorAccessorImpl.newInstance(DelegatingConstructorAccessorImpl.java:45)
	at java.lang.reflect.Constructor.newInstance(Constructor.java:423)
	at org.openqa.selenium.remote.ErrorHandler.createThrowable(ErrorHandler.java:215)
	at org.openqa.selenium.remote.ErrorHandler.throwIfResponseFailed(ErrorHandler.java:167)
	at org.openqa.selenium.remote.RemoteWebDriver.execute(RemoteWebDriver.java:671)
	at org.openqa.selenium.remote.RemoteWebDriver.execute(RemoteWebDriver.java:694)
	at org.openqa.selenium.remote.RemoteWebDriver.getCurrentUrl(RemoteWebDriver.java:374)
	at com.valentine.app.PurchaseFormsPage.getCurrentUrl(PurchaseFormsPage.java:26)
	at com.valentine.test.NavigationRefactoredTest.navigationToStorePage(NavigationRefactoredTest.java:68)
	at sun.reflect.NativeMethodAccessorImpl.invoke0(Native Method)
	at sun.reflect.NativeMethodAccessorImpl.invoke(NativeMethodAccessorImpl.java:62)
	at sun.reflect.DelegatingMethodAccessorImpl.invoke(DelegatingMethodAccessorImpl.java:43)
	at java.lang.reflect.Method.invoke(Method.java:498)
	at org.testng.internal.MethodInvocationHelper.invokeMethod(MethodInvocationHelper.java:108)
	at org.testng.internal.Invoker.invokeMethod(Invoker.java:661)
	at org.testng.internal.Invoker.invokeTestMethod(Invoker.java:869)
	at org.testng.internal.Invoker.invokeTestMethods(Invoker.java:1193)
	at org.testng.internal.TestMethodWorker.invokeTestMethods(TestMethodWorker.java:126)
	at org.testng.internal.TestMethodWorker.run(TestMethodWorker.java:109)
	at org.testng.TestRunner.privateRun(TestRunner.java:744)
	at org.testng.TestRunner.run(TestRunner.java:602)
	at org.testng.SuiteRunner.runTest(SuiteRunner.java:380)
	at org.testng.SuiteRunner.runSequentially(SuiteRunner.java:375)
	at org.testng.SuiteRunner.privateRun(SuiteRunner.java:340)
	at org.testng.SuiteRunner.run(SuiteRunner.java:289)
	at org.testng.SuiteRunnerWorker.runSuite(SuiteRunnerWorker.java:52)
	at org.testng.SuiteRunnerWorker.run(SuiteRunnerWorker.java:86)
	at org.testng.TestNG.runSuitesSequentially(TestNG.java:1301)
	at org.testng.TestNG.runSuitesLocally(TestNG.java:1226)
	at org.testng.TestNG.runSuites(TestNG.java:1144)
	at org.testng.TestNG.run(TestNG.java:1115)
	at org.testng.remote.AbstractRemoteTestNG.run(AbstractRemoteTestNG.java:132)
	at org.testng.remote.RemoteTestNG.initAndRun(RemoteTestNG.java:230)
	at org.testng.remote.RemoteTestNG.main(RemoteTestNG.java:76)
</stack-trace>
            </failure>
            <steps>
                <step start="1496314071465" stop="1496314071629" status="passed">
                    <name>close</name>
                    <title>Close Browser</title>
                </step>
                <step start="1496314071631" stop="1496314079002" status="passed">
                    <name>openHomePage</name>
                    <title>Open Home Page by URL: http://awful-valentine.com/</title>
                </step>
                <step start="1496314079011" stop="1496314080958" status="passed">
                    <name>clickStoreLink</name>
                    <title>Click Store link</title>
                </step>
                <step start="1496314080959" stop="1496314080974" status="broken">
                    <name>getCurrentUrl</name>
                    <title>Read current URL</title>
                </step>
            </steps>
            <attachments/>
            <labels>
                <label name="testSuite" value="Default suite"/>
                <label name="testGroup" value="Default test"/>
                <label name="testClass" value="com.valentine.test.NavigationRefactoredTest"/>
                <label name="testMethod" value="navigationToStorePage"/>
                <label name="feature" value="Navigation"/>
                <label name="host" value="Julidell"/>
                <label name="thread" value="10576@Julidell.main(1)"/>
            </labels>
        </test-case>
        <test-case start="1496314088509" stop="1496314090937" status="passed">
            <name>testClickCodeLink</name>
            <steps>
                <step start="1496314080994" stop="1496314081144" status="passed">
                    <name>close</name>
                    <title>Close Browser</title>
                    <attachments/>
                    <steps/>
                </step>
                <step start="1496314081146" stop="1496314088505" status="passed">
                    <name>openHomePage</name>
                    <title>Open Home Page by URL: http://awful-valentine.com/</title>
                    <attachments/>
                    <steps/>
                </step>
                <step start="1496314088511" stop="1496314090896" status="passed">
                    <name>clickCodeLink</name>
                    <title>Click Code link</title>
                    <attachments/>
                    <steps/>
                </step>
                <step start="1496314090901" stop="1496314090934" status="passed">
                    <name>getCurrentUrl</name>
                    <title>Read current URL</title>
                    <attachments>
                        <attachment title="URL" source="68543ab6-1901-42a2-9108-187d55dea322-attachment.txt" type="text/plain"/>
                    </attachments>
                    <steps/>
                </step>
            </steps>
            <attachments/>
            <labels>
                <label name="testSuite" value="Default suite"/>
                <label name="testGroup" value="Default test"/>
                <label name="testClass" value="com.valentine.test.NavigationRefactoredTest"/>
                <label name="testMethod" value="testClickCodeLink"/>
                <label name="feature" value="Navigation"/>
                <label name="host" value="Julidell"/>
                <label name="thread" value="10576@Julidell.main(1)"/>
            </labels>
        </test-case>
        <test-case start="1496314098559" stop="1496314100772" status="passed">
            <name>testClickContactUsLink</name>
            <steps>
                <step start="1496314090942" stop="1496314091144" status="passed">
                    <name>close</name>
                    <title>Close Browser</title>
                    <attachments/>
                    <steps/>
                </step>
                <step start="1496314091146" stop="1496314098556" status="passed">
                    <name>openHomePage</name>
                    <title>Open Home Page by URL: http://awful-valentine.com/</title>
                    <attachments/>
                    <steps/>
                </step>
                <step start="1496314098560" stop="1496314100730" status="passed">
                    <name>clickContactUsLink</name>
                    <title>Click Contact Us link</title>
                    <attachments/>
                    <steps/>
                </step>
                <step start="1496314100732" stop="1496314100765" status="passed">
                    <name>getCurrentUrl</name>
                    <title>Read current URL</title>
                    <attachments>
                        <attachment title="URL" source="51b9c3e2-a2d6-458b-89ad-17b78bc65ce4-attachment.txt" type="text/plain"/>
                    </attachments>
                    <steps/>
                </step>
            </steps>
            <attachments/>
            <labels>
                <label name="testSuite" value="Default suite"/>
                <label name="testGroup" value="Default test"/>
                <label name="testClass" value="com.valentine.test.NavigationRefactoredTest"/>
                <label name="testMethod" value="testClickContactUsLink"/>
                <label name="feature" value="Navigation"/>
                <label name="host" value="Julidell"/>
                <label name="thread" value="10576@Julidell.main(1)"/>
            </labels>
        </test-case>
    </test-cases>
    <labels>
        <label name="framework" value="TestNG"/>
        <label name="language" value="JAVA"/>
    </labels>
</ns2:test-suite>
