<?xml version="1.0" encoding="UTF-8" standalone="yes"?>
<ns2:test-suite start="1496239644520" stop="1496239666186" version="1.5.2" xmlns:ns2="urn:model.allure.qatools.yandex.ru">
    <name>Default suite : Default test</name>
    <title>Default suite : Default test</title>
    <test-cases>
        <test-case start="1496239654777" stop="1496239656674" status="broken">
            <name>testClickCodeLink</name>
            <failure>
                <message>Error: Unresolved compilation problem: 
	Cannot make a static reference to the non-static field driver
</message>
                <stack-trace>java.lang.Error: Unresolved compilation problem: 
	Cannot make a static reference to the non-static field driver

	at com.valentine.app.CodePage.getCurrentUrl(CodePage.java:27)
	at com.valentine.test.NavigationRefactoredTest.testClickCodeLink(NavigationRefactoredTest.java:40)
	at sun.reflect.NativeMethodAccessorImpl.invoke0(Native Method)
	at sun.reflect.NativeMethodAccessorImpl.invoke(NativeMethodAccessorImpl.java:62)
	at sun.reflect.DelegatingMethodAccessorImpl.invoke(DelegatingMethodAccessorImpl.java:43)
	at java.lang.reflect.Method.invoke(Method.java:498)
	at org.testng.internal.MethodInvocationHelper.invokeMethod(MethodInvocationHelper.java:108)
	at org.testng.internal.Invoker.invokeMethod(Invoker.java:661)
	at org.testng.internal.Invoker.invokeTestMethod(Invoker.java:869)
	at org.testng.internal.Invoker.invokeTestMethods(Invoker.java:1193)
	at org.testng.internal.TestMethodWorker.invokeTestMethods(TestMethodWorker.java:126)
	at org.testng.internal.TestMethodWorker.run(TestMethodWorker.java:109)
	at org.testng.TestRunner.privateRun(TestRunner.java:744)
	at org.testng.TestRunner.run(TestRunner.java:602)
	at org.testng.SuiteRunner.runTest(SuiteRunner.java:380)
	at org.testng.SuiteRunner.runSequentially(SuiteRunner.java:375)
	at org.testng.SuiteRunner.privateRun(SuiteRunner.java:340)
	at org.testng.SuiteRunner.run(SuiteRunner.java:289)
	at org.testng.SuiteRunnerWorker.runSuite(SuiteRunnerWorker.java:52)
	at org.testng.SuiteRunnerWorker.run(SuiteRunnerWorker.java:86)
	at org.testng.TestNG.runSuitesSequentially(TestNG.java:1301)
	at org.testng.TestNG.runSuitesLocally(TestNG.java:1226)
	at org.testng.TestNG.runSuites(TestNG.java:1144)
	at org.testng.TestNG.run(TestNG.java:1115)
	at org.testng.remote.AbstractRemoteTestNG.run(AbstractRemoteTestNG.java:132)
	at org.testng.remote.RemoteTestNG.initAndRun(RemoteTestNG.java:230)
	at org.testng.remote.RemoteTestNG.main(RemoteTestNG.java:76)
</stack-trace>
            </failure>
            <steps>
                <step start="1496239644838" stop="1496239654722" status="passed">
                    <name>openHomePage</name>
                    <title>Open Home Page by URL: http://awful-valentine.com/</title>
                </step>
                <step start="1496239654780" stop="1496239656649" status="passed">
                    <name>clickCodeLink</name>
                    <title>Click Code link</title>
                </step>
                <step start="1496239656654" stop="1496239656657" status="broken">
                    <name>getCurrentUrl</name>
                    <title>Read current URL</title>
                </step>
            </steps>
            <attachments/>
            <labels>
                <label name="testSuite" value="Default suite"/>
                <label name="testGroup" value="Default test"/>
                <label name="testClass" value="com.valentine.test.NavigationRefactoredTest"/>
                <label name="testMethod" value="testClickCodeLink"/>
                <label name="feature" value="Navigation"/>
                <label name="host" value="Julidell"/>
                <label name="thread" value="13100@Julidell.main(1)"/>
            </labels>
        </test-case>
        <test-case start="1496239663919" stop="1496239665971" status="broken">
            <name>testClickContactUsLink</name>
            <failure>
                <message>Error: Unresolved compilation problem: 
	Cannot make a static reference to the non-static field driver
</message>
                <stack-trace>java.lang.Error: Unresolved compilation problem: 
	Cannot make a static reference to the non-static field driver

	at com.valentine.app.ContactUsPage.getCurrentUrl(ContactUsPage.java:26)
	at com.valentine.test.NavigationRefactoredTest.testClickContactUsLink(NavigationRefactoredTest.java:48)
	at sun.reflect.NativeMethodAccessorImpl.invoke0(Native Method)
	at sun.reflect.NativeMethodAccessorImpl.invoke(NativeMethodAccessorImpl.java:62)
	at sun.reflect.DelegatingMethodAccessorImpl.invoke(DelegatingMethodAccessorImpl.java:43)
	at java.lang.reflect.Method.invoke(Method.java:498)
	at org.testng.internal.MethodInvocationHelper.invokeMethod(MethodInvocationHelper.java:108)
	at org.testng.internal.Invoker.invokeMethod(Invoker.java:661)
	at org.testng.internal.Invoker.invokeTestMethod(Invoker.java:869)
	at org.testng.internal.Invoker.invokeTestMethods(Invoker.java:1193)
	at org.testng.internal.TestMethodWorker.invokeTestMethods(TestMethodWorker.java:126)
	at org.testng.internal.TestMethodWorker.run(TestMethodWorker.java:109)
	at org.testng.TestRunner.privateRun(TestRunner.java:744)
	at org.testng.TestRunner.run(TestRunner.java:602)
	at org.testng.SuiteRunner.runTest(SuiteRunner.java:380)
	at org.testng.SuiteRunner.runSequentially(SuiteRunner.java:375)
	at org.testng.SuiteRunner.privateRun(SuiteRunner.java:340)
	at org.testng.SuiteRunner.run(SuiteRunner.java:289)
	at org.testng.SuiteRunnerWorker.runSuite(SuiteRunnerWorker.java:52)
	at org.testng.SuiteRunnerWorker.run(SuiteRunnerWorker.java:86)
	at org.testng.TestNG.runSuitesSequentially(TestNG.java:1301)
	at org.testng.TestNG.runSuitesLocally(TestNG.java:1226)
	at org.testng.TestNG.runSuites(TestNG.java:1144)
	at org.testng.TestNG.run(TestNG.java:1115)
	at org.testng.remote.AbstractRemoteTestNG.run(AbstractRemoteTestNG.java:132)
	at org.testng.remote.RemoteTestNG.initAndRun(RemoteTestNG.java:230)
	at org.testng.remote.RemoteTestNG.main(RemoteTestNG.java:76)
</stack-trace>
            </failure>
            <steps>
                <step start="1496239656677" stop="1496239656872" status="passed">
                    <name>close</name>
                    <title>Close Browser</title>
                </step>
                <step start="1496239656875" stop="1496239663916" status="passed">
                    <name>openHomePage</name>
                    <title>Open Home Page by URL: http://awful-valentine.com/</title>
                </step>
                <step start="1496239663920" stop="1496239665956" status="passed">
                    <name>clickContactUsLink</name>
                    <title>Click Contact Us link</title>
                </step>
                <step start="1496239665966" stop="1496239665967" status="broken">
                    <name>getCurrentUrl</name>
                    <title>Read current URL</title>
                </step>
            </steps>
            <attachments/>
            <labels>
                <label name="testSuite" value="Default suite"/>
                <label name="testGroup" value="Default test"/>
                <label name="testClass" value="com.valentine.test.NavigationRefactoredTest"/>
                <label name="testMethod" value="testClickContactUsLink"/>
                <label name="feature" value="Navigation"/>
                <label name="host" value="Julidell"/>
                <label name="thread" value="13100@Julidell.main(1)"/>
            </labels>
        </test-case>
    </test-cases>
    <labels>
        <label name="framework" value="TestNG"/>
        <label name="language" value="JAVA"/>
    </labels>
</ns2:test-suite>
