<?xml version="1.0" encoding="UTF-8" standalone="yes"?>
<ns2:test-suite start="1495552007593" stop="1495552058842" version="1.5.2" xmlns:ns2="urn:model.allure.qatools.yandex.ru">
    <name>Regression : Valentine tests</name>
    <title>Regression : Valentine tests</title>
    <test-cases>
        <test-case start="1495552007844" stop="1495552030724" status="passed">
            <name>testTheAddCartButtonOpensPopup</name>
            <steps>
                <step start="1495552007975" stop="1495552025689" status="passed">
                    <name>openHomePage</name>
                    <title>Open Home Page by URL: http://awful-valentine.com/</title>
                    <attachments/>
                    <steps/>
                </step>
                <step start="1495552029047" stop="1495552029256" status="passed">
                    <name>clickAddToCartOnSpecialOffer[3]</name>
                    <title>Click Add to Cart button on a special offer number 3</title>
                    <attachments/>
                    <steps/>
                </step>
                <step start="1495552029258" stop="1495552029378" status="passed">
                    <name>isAddToCartPopupShown</name>
                    <title>Check if Add to Cart Popup is displayed</title>
                    <attachments/>
                    <steps/>
                </step>
                <step start="1495552029390" stop="1495552030378" status="passed">
                    <name>getProductInfoFromPopup</name>
                    <title>Read Product Info from Popup</title>
                    <attachments/>
                    <steps>
                        <step start="1495552029397" stop="1495552030198" status="passed">
                            <name>getPopupProductTitle</name>
                            <title>Read product title on popup</title>
                            <attachments>
                                <attachment title="Product title" source="71e1dca3-6cfe-4921-8189-6825569ac49d-attachment.txt" type="text/plain"/>
                            </attachments>
                            <steps/>
                        </step>
                        <step start="1495552030200" stop="1495552030378" status="passed">
                            <name>getPopupProductPrice</name>
                            <title>Read product price on popup</title>
                            <attachments/>
                            <steps/>
                        </step>
                    </steps>
                </step>
                <step start="1495552030380" stop="1495552030380" status="passed">
                    <name>productsShouldBeEqual[Product Details [title=Taking Long Drives Together, unitPrice=19.99], Product Details [title=Takin...]</name>
                    <title>Product details on Popup should be equal to product details on selected item</title>
                    <attachments/>
                    <steps/>
                </step>
            </steps>
            <attachments>
                <attachment title="ScreenShot" source="378cae30-4ddc-4d0f-93ab-da9660f31ca0-attachment.png" type="image/png"/>
            </attachments>
            <labels>
                <label name="testSuite" value="Regression"/>
                <label name="testGroup" value="Valentine tests"/>
                <label name="testClass" value="com.valentine.test.AddItemToCartTest"/>
                <label name="testMethod" value="testTheAddCartButtonOpensPopup"/>
                <label name="story" value="Add Item to Cart"/>
                <label name="feature" value="Shopping"/>
                <label name="host" value="Julidell"/>
                <label name="thread" value="6576@Julidell.main(1)"/>
            </labels>
        </test-case>
        <test-case start="1495552030738" stop="1495552034597" status="passed">
            <name>testAddToCartButtonOnPopupRedirectsToCartPage</name>
            <steps>
                <step start="1495552031747" stop="1495552034427" status="passed">
                    <name>clickAddToCartButtonOnPopup</name>
                    <title>Click Add to Cart button on popup</title>
                    <attachments/>
                    <steps/>
                </step>
                <step start="1495552034428" stop="1495552034452" status="passed">
                    <name>getCurrentUrl</name>
                    <title>Read current URL</title>
                    <attachments>
                        <attachment title="URL" source="0c788010-7b5b-41f5-8800-0dc95511c306-attachment.txt" type="text/plain"/>
                    </attachments>
                    <steps/>
                </step>
            </steps>
            <attachments>
                <attachment title="ScreenShot" source="78e82403-4f81-422c-b203-09a4656c1f6a-attachment.png" type="image/png"/>
            </attachments>
            <labels>
                <label name="testSuite" value="Regression"/>
                <label name="testGroup" value="Valentine tests"/>
                <label name="testClass" value="com.valentine.test.AddItemToCartTest"/>
                <label name="testMethod" value="testAddToCartButtonOnPopupRedirectsToCartPage"/>
                <label name="story" value="Add Item to Cart"/>
                <label name="feature" value="Shopping"/>
                <label name="host" value="Julidell"/>
                <label name="thread" value="6576@Julidell.main(1)"/>
            </labels>
        </test-case>
        <test-case start="1495552058036" stop="1495552058054" status="broken">
            <name>setup</name>
            <description>@BeforeClass</description>
            <failure>
                <message>TimeoutException: Expected condition failed: waiting for url to contain "cart". Current url: "http://awful-valentine.com/" (tried for 10 second(s) with 500 MILLISECONDS interval)
Build info: version: '3.4.0', revision: 'unknown', time: 'unknown'
System info: host: 'JULIDELL', ip: '192.168.127.102', os.name: 'Windows 10', os.arch: 'amd64', os.version: '10.0', java.version: '1.8.0_131'
Driver info: org.openqa.selenium.chrome.ChromeDriver
Capabilities [{applicationCacheEnabled=false, rotatable=false, mobileEmulationEnabled=false, networkConnectionEnabled=false, chrome={chromedriverVersion=2.29.461591 (62ebf098771772160f391d75e589dc567915b233), userDataDir=C:\Users\Julia\AppData\Local\Temp\scoped_dir11272_7441}, takesHeapSnapshot=true, pageLoadStrategy=normal, databaseEnabled=false, handlesAlerts=true, hasTouchScreen=false, version=58.0.3029.110, platform=XP, browserConnectionEnabled=false, nativeEvents=true, acceptSslCerts=true, locationContextEnabled=true, webStorageEnabled=true, browserName=chrome, takesScreenshot=true, javascriptEnabled=true, cssSelectorsEnabled=true, unexpectedAlertBehaviour=}]
Session ID: f89e5b54985eca0b35e2aa0bececc108</message>
                <stack-trace>org.openqa.selenium.TimeoutException: Expected condition failed: waiting for url to contain "cart". Current url: "http://awful-valentine.com/" (tried for 10 second(s) with 500 MILLISECONDS interval)
Build info: version: '3.4.0', revision: 'unknown', time: 'unknown'
System info: host: 'JULIDELL', ip: '192.168.127.102', os.name: 'Windows 10', os.arch: 'amd64', os.version: '10.0', java.version: '1.8.0_131'
Driver info: org.openqa.selenium.chrome.ChromeDriver
Capabilities [{applicationCacheEnabled=false, rotatable=false, mobileEmulationEnabled=false, networkConnectionEnabled=false, chrome={chromedriverVersion=2.29.461591 (62ebf098771772160f391d75e589dc567915b233), userDataDir=C:\Users\Julia\AppData\Local\Temp\scoped_dir11272_7441}, takesHeapSnapshot=true, pageLoadStrategy=normal, databaseEnabled=false, handlesAlerts=true, hasTouchScreen=false, version=58.0.3029.110, platform=XP, browserConnectionEnabled=false, nativeEvents=true, acceptSslCerts=true, locationContextEnabled=true, webStorageEnabled=true, browserName=chrome, takesScreenshot=true, javascriptEnabled=true, cssSelectorsEnabled=true, unexpectedAlertBehaviour=}]
Session ID: f89e5b54985eca0b35e2aa0bececc108
	at org.openqa.selenium.support.ui.WebDriverWait.timeoutException(WebDriverWait.java:80)
	at org.openqa.selenium.support.ui.FluentWait.until(FluentWait.java:232)
	at com.valentine.app.ShoppingCartPage.&lt;init&gt;(ShoppingCartPage.java:26)
	at com.valentine.app.HomePage.clickAddToCartButtonOnPopup(HomePage.java:97)
	at com.valentine.app.HomePage.addToCartSpecialOffer(HomePage.java:41)
	at com.valentine.test.ContinueShoppingFromCartTest.setup(ContinueShoppingFromCartTest.java:27)
	at sun.reflect.NativeMethodAccessorImpl.invoke0(Native Method)
	at sun.reflect.NativeMethodAccessorImpl.invoke(NativeMethodAccessorImpl.java:62)
	at sun.reflect.DelegatingMethodAccessorImpl.invoke(DelegatingMethodAccessorImpl.java:43)
	at java.lang.reflect.Method.invoke(Method.java:498)
	at org.testng.internal.MethodInvocationHelper.invokeMethod(MethodInvocationHelper.java:100)
	at org.testng.internal.Invoker.invokeConfigurationMethod(Invoker.java:515)
	at org.testng.internal.Invoker.invokeConfigurations(Invoker.java:216)
	at org.testng.internal.Invoker.invokeConfigurations(Invoker.java:143)
	at org.testng.internal.TestMethodWorker.invokeBeforeClassMethods(TestMethodWorker.java:169)
	at org.testng.internal.TestMethodWorker.run(TestMethodWorker.java:108)
	at org.testng.TestRunner.privateRun(TestRunner.java:746)
	at org.testng.TestRunner.run(TestRunner.java:600)
	at org.testng.SuiteRunner.runTest(SuiteRunner.java:366)
	at org.testng.SuiteRunner.runSequentially(SuiteRunner.java:361)
	at org.testng.SuiteRunner.privateRun(SuiteRunner.java:319)
	at org.testng.SuiteRunner.run(SuiteRunner.java:268)
	at org.testng.SuiteRunnerWorker.runSuite(SuiteRunnerWorker.java:52)
	at org.testng.SuiteRunnerWorker.run(SuiteRunnerWorker.java:86)
	at org.testng.TestNG.runSuitesSequentially(TestNG.java:1264)
	at org.testng.TestNG.runSuitesLocally(TestNG.java:1189)
	at org.testng.TestNG.runSuites(TestNG.java:1104)
	at org.testng.TestNG.run(TestNG.java:1076)
	at org.apache.maven.surefire.testng.TestNGExecutor.run(TestNGExecutor.java:283)
	at org.apache.maven.surefire.testng.TestNGXmlTestSuite.execute(TestNGXmlTestSuite.java:75)
	at org.apache.maven.surefire.testng.TestNGProvider.invoke(TestNGProvider.java:120)
	at org.apache.maven.surefire.booter.ForkedBooter.invokeProviderInSameClassLoader(ForkedBooter.java:386)
	at org.apache.maven.surefire.booter.ForkedBooter.runSuitesInProcess(ForkedBooter.java:323)
	at org.apache.maven.surefire.booter.ForkedBooter.main(ForkedBooter.java:143)
</stack-trace>
            </failure>
            <steps>
                <step start="1495552034603" stop="1495552034774" status="passed">
                    <name>close</name>
                    <title>Close Browser</title>
                </step>
                <step start="1495552034775" stop="1495552047235" status="passed">
                    <name>openHomePage</name>
                    <title>Open Home Page by URL: http://awful-valentine.com/</title>
                </step>
                <step start="1495552047236" stop="1495552047431" status="passed">
                    <name>clickAddToCartOnSpecialOffer[1]</name>
                    <title>Click Add to Cart button on a special offer number 1</title>
                </step>
                <step start="1495552047432" stop="1495552057967" status="broken">
                    <name>clickAddToCartButtonOnPopup</name>
                    <title>Click Add to Cart button on popup</title>
                </step>
            </steps>
            <attachments/>
            <labels>
                <label name="story" value="Continue Shopping from Cart page"/>
                <label name="feature" value="Shopping"/>
                <label name="host" value="Julidell"/>
                <label name="thread" value="6576@Julidell.main(1)"/>
            </labels>
        </test-case>
        <test-case start="1495552058056" stop="1495552058412" status="canceled">
            <name>testContinueShoppingButtonRedirectsToHomePage</name>
            <failure>
                <message>: Skipped due to dependency on other skipped or failed test methods</message>
                <stack-trace>ru.yandex.qatools.allure.testng.AllureTestListener$1: Skipped due to dependency on other skipped or failed test methods
	at ru.yandex.qatools.allure.testng.AllureTestListener.fireTestCaseCancel(AllureTestListener.java:424)
	at ru.yandex.qatools.allure.testng.AllureTestListener.onTestSkipped(AllureTestListener.java:185)
	at org.testng.internal.Invoker.runTestListeners(Invoker.java:1647)
	at org.testng.internal.Invoker.runTestListeners(Invoker.java:1639)
	at org.testng.internal.Invoker.invokeMethod(Invoker.java:703)
	at org.testng.internal.Invoker.invokeTestMethod(Invoker.java:811)
	at org.testng.internal.Invoker.invokeTestMethods(Invoker.java:1129)
	at org.testng.internal.TestMethodWorker.invokeTestMethods(TestMethodWorker.java:129)
	at org.testng.internal.TestMethodWorker.run(TestMethodWorker.java:112)
	at org.testng.TestRunner.privateRun(TestRunner.java:746)
	at org.testng.TestRunner.run(TestRunner.java:600)
	at org.testng.SuiteRunner.runTest(SuiteRunner.java:366)
	at org.testng.SuiteRunner.runSequentially(SuiteRunner.java:361)
	at org.testng.SuiteRunner.privateRun(SuiteRunner.java:319)
	at org.testng.SuiteRunner.run(SuiteRunner.java:268)
	at org.testng.SuiteRunnerWorker.runSuite(SuiteRunnerWorker.java:52)
	at org.testng.SuiteRunnerWorker.run(SuiteRunnerWorker.java:86)
	at org.testng.TestNG.runSuitesSequentially(TestNG.java:1264)
	at org.testng.TestNG.runSuitesLocally(TestNG.java:1189)
	at org.testng.TestNG.runSuites(TestNG.java:1104)
	at org.testng.TestNG.run(TestNG.java:1076)
	at org.apache.maven.surefire.testng.TestNGExecutor.run(TestNGExecutor.java:283)
	at org.apache.maven.surefire.testng.TestNGXmlTestSuite.execute(TestNGXmlTestSuite.java:75)
	at org.apache.maven.surefire.testng.TestNGProvider.invoke(TestNGProvider.java:120)
	at org.apache.maven.surefire.booter.ForkedBooter.invokeProviderInSameClassLoader(ForkedBooter.java:386)
	at org.apache.maven.surefire.booter.ForkedBooter.runSuitesInProcess(ForkedBooter.java:323)
	at org.apache.maven.surefire.booter.ForkedBooter.main(ForkedBooter.java:143)
</stack-trace>
            </failure>
            <steps/>
            <attachments>
                <attachment title="ScreenShot" source="feddf99a-df1c-4fe2-a93b-395e04de2e8b-attachment.png" type="image/png"/>
            </attachments>
            <labels>
                <label name="testSuite" value="Regression"/>
                <label name="testGroup" value="Valentine tests"/>
                <label name="testClass" value="com.valentine.test.ContinueShoppingFromCartTest"/>
                <label name="testMethod" value="testContinueShoppingButtonRedirectsToHomePage"/>
                <label name="story" value="Continue Shopping from Cart page"/>
                <label name="feature" value="Shopping"/>
                <label name="host" value="Julidell"/>
                <label name="thread" value="6576@Julidell.main(1)"/>
            </labels>
        </test-case>
        <test-case start="1495552058638" stop="1495552058639" status="canceled">
            <name>testAddingSecondItemToShoppingCart</name>
            <failure>
                <message>: Skipped due to dependency on other skipped or failed test methods</message>
                <stack-trace>ru.yandex.qatools.allure.testng.AllureTestListener$1: Skipped due to dependency on other skipped or failed test methods
	at ru.yandex.qatools.allure.testng.AllureTestListener.fireTestCaseCancel(AllureTestListener.java:424)
	at ru.yandex.qatools.allure.testng.AllureTestListener.onTestSkipped(AllureTestListener.java:185)
	at org.testng.internal.Invoker.runTestListeners(Invoker.java:1647)
	at org.testng.internal.Invoker.runTestListeners(Invoker.java:1639)
	at org.testng.internal.Invoker.registerSkippedTestResult(Invoker.java:1204)
	at org.testng.internal.Invoker.invokeTestMethods(Invoker.java:1028)
	at org.testng.internal.TestMethodWorker.invokeTestMethods(TestMethodWorker.java:129)
	at org.testng.internal.TestMethodWorker.run(TestMethodWorker.java:112)
	at org.testng.TestRunner.privateRun(TestRunner.java:746)
	at org.testng.TestRunner.run(TestRunner.java:600)
	at org.testng.SuiteRunner.runTest(SuiteRunner.java:366)
	at org.testng.SuiteRunner.runSequentially(SuiteRunner.java:361)
	at org.testng.SuiteRunner.privateRun(SuiteRunner.java:319)
	at org.testng.SuiteRunner.run(SuiteRunner.java:268)
	at org.testng.SuiteRunnerWorker.runSuite(SuiteRunnerWorker.java:52)
	at org.testng.SuiteRunnerWorker.run(SuiteRunnerWorker.java:86)
	at org.testng.TestNG.runSuitesSequentially(TestNG.java:1264)
	at org.testng.TestNG.runSuitesLocally(TestNG.java:1189)
	at org.testng.TestNG.runSuites(TestNG.java:1104)
	at org.testng.TestNG.run(TestNG.java:1076)
	at org.apache.maven.surefire.testng.TestNGExecutor.run(TestNGExecutor.java:283)
	at org.apache.maven.surefire.testng.TestNGXmlTestSuite.execute(TestNGXmlTestSuite.java:75)
	at org.apache.maven.surefire.testng.TestNGProvider.invoke(TestNGProvider.java:120)
	at org.apache.maven.surefire.booter.ForkedBooter.invokeProviderInSameClassLoader(ForkedBooter.java:386)
	at org.apache.maven.surefire.booter.ForkedBooter.runSuitesInProcess(ForkedBooter.java:323)
	at org.apache.maven.surefire.booter.ForkedBooter.main(ForkedBooter.java:143)
</stack-trace>
            </failure>
            <steps/>
            <attachments>
                <attachment title="ScreenShot" source="dc1747a1-99b6-4d98-8a67-c806f5a66a1e-attachment.png" type="image/png"/>
            </attachments>
            <labels>
                <label name="testSuite" value="Regression"/>
                <label name="testGroup" value="Valentine tests"/>
                <label name="testClass" value="com.valentine.test.ContinueShoppingFromCartTest"/>
                <label name="testMethod" value="testAddingSecondItemToShoppingCart"/>
                <label name="host" value="Julidell"/>
                <label name="thread" value="6576@Julidell.main(1)"/>
            </labels>
        </test-case>
    </test-cases>
    <labels>
        <label name="framework" value="TestNG"/>
        <label name="language" value="JAVA"/>
    </labels>
</ns2:test-suite>
