<?xml version="1.0" encoding="UTF-8"?>
<!-- Generated by org.testng.reporters.JUnitReportReporter -->
<testsuite skipped="0" hostname="Julidell" name="com.valentine.test.AddOneFifthItemToCartTest" tests="3" failures="1" timestamp="23 трав. 2017 12:14:37 GMT" time="19.912" errors="0">
  <testcase name="testAddToCartButtonOnPopupRedirectsToCartPage" time="5.200" classname="com.valentine.test.AddOneFifthItemToCartTest"/>
  <testcase name="testTheAddCartButtonOpensPopup" time="11.118" classname="com.valentine.test.AddOneFifthItemToCartTest"/>
  <testcase name="testAddFifthItemToCartVerifyingTitleAndPrice" time="3.594" classname="com.valentine.test.AddOneFifthItemToCartTest">
    <failure type="java.lang.AssertionError" message="The following asserts failed:
	Incorrect item total expected [$99.99] but found [$9,999.00],
	Incorrect subtotal expected [$99.99] but found [$9,999.00],
	Incorrect grandtotal expected [$99.99] but found [$9,999.00],
	Incorrect quantity expected [1] but found [100],
	Incorrect count of items expected [You have 1 item ($99.99) in your shopping cart. ] but found [You have 100 items ($9,999.00) in your shopping cart.],
	Incorrect productsubtotal expected [$99.99] but found [$9,999.00],
	Incorrect cartsubtotal expected [$99.99] but found [$9,999.00]">
      <![CDATA[java.lang.AssertionError: The following asserts failed:
	Incorrect item total expected [$99.99] but found [$9,999.00],
	Incorrect subtotal expected [$99.99] but found [$9,999.00],
	Incorrect grandtotal expected [$99.99] but found [$9,999.00],
	Incorrect quantity expected [1] but found [100],
	Incorrect count of items expected [You have 1 item ($99.99) in your shopping cart. ] but found [You have 100 items ($9,999.00) in your shopping cart.],
	Incorrect productsubtotal expected [$99.99] but found [$9,999.00],
	Incorrect cartsubtotal expected [$99.99] but found [$9,999.00]
	at org.testng.asserts.SoftAssert.assertAll(SoftAssert.java:43)
	at com.valentine.test.AddOneFifthItemToCartTest.testAddFifthItemToCartVerifyingTitleAndPrice(AddOneFifthItemToCartTest.java:104)
	at sun.reflect.NativeMethodAccessorImpl.invoke0(Native Method)
	at sun.reflect.NativeMethodAccessorImpl.invoke(NativeMethodAccessorImpl.java:62)
	at sun.reflect.DelegatingMethodAccessorImpl.invoke(DelegatingMethodAccessorImpl.java:43)
	at java.lang.reflect.Method.invoke(Method.java:498)
	at org.testng.internal.MethodInvocationHelper.invokeMethod(MethodInvocationHelper.java:108)
	at org.testng.internal.Invoker.invokeMethod(Invoker.java:661)
	at org.testng.internal.Invoker.invokeTestMethod(Invoker.java:869)
	at org.testng.internal.Invoker.invokeTestMethods(Invoker.java:1193)
	at org.testng.internal.TestMethodWorker.invokeTestMethods(TestMethodWorker.java:126)
	at org.testng.internal.TestMethodWorker.run(TestMethodWorker.java:109)
	at org.testng.TestRunner.privateRun(TestRunner.java:744)
	at org.testng.TestRunner.run(TestRunner.java:602)
	at org.testng.SuiteRunner.runTest(SuiteRunner.java:380)
	at org.testng.SuiteRunner.runSequentially(SuiteRunner.java:375)
	at org.testng.SuiteRunner.privateRun(SuiteRunner.java:340)
	at org.testng.SuiteRunner.run(SuiteRunner.java:289)
	at org.testng.SuiteRunnerWorker.runSuite(SuiteRunnerWorker.java:52)
	at org.testng.SuiteRunnerWorker.run(SuiteRunnerWorker.java:86)
	at org.testng.TestNG.runSuitesSequentially(TestNG.java:1301)
	at org.testng.TestNG.runSuitesLocally(TestNG.java:1226)
	at org.testng.TestNG.runSuites(TestNG.java:1144)
	at org.testng.TestNG.run(TestNG.java:1115)
	at org.testng.remote.AbstractRemoteTestNG.run(AbstractRemoteTestNG.java:132)
	at org.testng.remote.RemoteTestNG.initAndRun(RemoteTestNG.java:230)
	at org.testng.remote.RemoteTestNG.main(RemoteTestNG.java:76)
]]>
    </failure>
  </testcase> <!-- testAddFifthItemToCartVerifyingTitleAndPrice -->
</testsuite> <!-- com.valentine.test.AddOneFifthItemToCartTest -->
